MPASM 5.75                   16F876ATEMP.ASM   11-5-2017  19:52:51         PAGE  1


LOC  OBJECT CODE     LINE SOURCE TEXT
  VALUE

                      00001 ;**********************************************************************
                      00002 ;   This file is a basic code template for assembly code generation   *
                      00003 ;   on the PIC16F876A. This file contains the basic code              *
                      00004 ;   building blocks to build upon.                                    *  
                      00005 ;                                                                     *
                      00006 ;   Refer to the MPASM User's Guide for additional information on     *
                      00007 ;   features of the assembler (Document DS33014).                     *
                      00008 ;                                                                     *
                      00009 ;   Refer to the respective PIC data sheet for additional             *
                      00010 ;   information on the instruction set.                               *
                      00011 ;                                                                     *
                      00012 ;**********************************************************************
                      00013 ;                                                                     *
                      00014 ;    Filename:      xxx.asm                                           *
                      00015 ;    Date:                                                            *
                      00016 ;    File Version:                                                    *
                      00017 ;                                                                     *
                      00018 ;    Author:                                                          *
                      00019 ;    Company:                                                         *
                      00020 ;                                                                     * 
                      00021 ;                                                                     *
                      00022 ;**********************************************************************
                      00023 ;                                                                     *
                      00024 ;    Files Required: P16F876A.INC                                     *
                      00025 ;                                                                     *
                      00026 ;**********************************************************************
                      00027 ;                                                                     *
                      00028 ;    Notes:                                                           *
                      00029 ;                                                                     *
                      00030 ;**********************************************************************
                      00031 
                      00032 
                      00033         list            p=16f876A       ; list directive to define processor
                      00034         #include        <p16f876A.inc>  ; processor specific variable definitions
                      00001         LIST
                      00002 
                      00003 ;==========================================================================
                      00004 ; Build date : Jul 02 2017
                      00005 ;  MPASM PIC16F876A processor include
                      00006 ; 
                      00007 ;  (c) Copyright 1999-2017 Microchip Technology, All rights reserved
                      00008 ;==========================================================================
                      00009 
                      00525         LIST
                      00035         radix dec
2007   3F3A           00036         __CONFIG _CP_OFF & _WDT_OFF & _BODEN_OFF & _PWRTE_OFF & _HS_OSC & _WRT_OFF & _LVP_OFF & _CPD_OFF
                      00037 
                      00038 ; '__CONFIG' directive is used to embed configuration data within .asm file.
                      00039 ; The lables following the directive are located in the respective .inc file.
                      00040 ; See respective data sheet for additional information on configuration word.
                      00041 
                      00042 
                      00043 
MPASM 5.75                   16F876ATEMP.ASM   11-5-2017  19:52:51         PAGE  2


LOC  OBJECT CODE     LINE SOURCE TEXT
  VALUE

                      00044 
                      00045 
                      00046 
                      00047 ;***** VARIABLE DEFINITIONS
  0000007D            00048 w_temp          EQU     0x7D            ; variable used for context saving 
  0000007E            00049 status_temp     EQU     0x7E            ; variable used for context saving
  0000007F            00050 pclath_temp     EQU     0x7F            ; variable used for context saving                      
                      00051 
                      00052 
                      00053 
                      00054 
                      00055 
                      00056 
                      00057 ;**********************************************************************
                      00058         ORG     0x000             ; processor reset vector
                      00059  CBLOCK 0x20 
  00000020            00060  cnt1 
  00000021            00061  cnt2     
                      00062  ENDC 
                      00063  
                      00064  
0000   0000           00065         nop                       ; nop required for icd
0001   2???           00066         goto    main              ; go to beginning of program
                      00067 
                      00068 
                      00069         ORG     0x004             ; interrupt vector location
                      00070 
0004   00FD           00071         movwf   w_temp            ; save off current W register contents
0005   0803           00072         movf    STATUS,w          ; move status register into W register
0006   00FE           00073         movwf   status_temp       ; save off contents of STATUS register
0007   080A           00074         movf    PCLATH,w          ; move pclath register into w register
0008   00FF           00075         movwf   pclath_temp       ; save off contents of PCLATH register
                      00076 
                      00077 ; isr code can go here or be located as a call subroutine elsewhere
                      00078 
0009   087F           00079         movf    pclath_temp,w     ; retrieve copy of PCLATH register
000A   008A           00080         movwf   PCLATH            ; restore pre-isr PCLATH register contents
000B   087E           00081         movf    status_temp,w     ; retrieve copy of STATUS register
000C   0083           00082         movwf   STATUS            ; restore pre-isr STATUS register contents
000D   0EFD           00083         swapf   w_temp,f
000E   0E7D           00084         swapf   w_temp,w          ; restore pre-isr W register contents
000F   0009           00085         retfie                    ; return from interrupt
                      00086 
                      00087 
                      00088 
0010                  00089 main ; remaining code goes here
0010   1683 1303      00090         BANKSEL TRISC
0012   3000           00091         MOVLW 0X00
Message[302]: Register in operand not in bank 0.  Ensure that bank bits are correct.
0013   0087           00092         MOVWF TRISC
                      00093         cblock
  00000022            00094         d1
  00000023            00095         d2
MPASM 5.75                   16F876ATEMP.ASM   11-5-2017  19:52:51         PAGE  3


LOC  OBJECT CODE     LINE SOURCE TEXT
  VALUE

  00000024            00096         d3
                      00097         endc
                      00098 
                      00099                         ;5000000 cycles
0014   302D           00100         movlw   0x2D
0015   00A2           00101         movwf   d1
0016   30E7           00102         movlw   0xE7
0017   00A3           00103         movwf   d2
0018   300B           00104         movlw   0x0B
0019   00A4           00105         movwf   d3
                      00106 
                      00107         
                      00108         
                      00109         
                      00110 
001A                  00111 loop1
001A   1283 1303      00112         BANKSEL PORTC
001C   1607           00113         BSF PORTC,4
001D   1687           00114         BSF PORTC,5
001E   1307           00115         BCF PORTC,6
001F   1387           00116         BCF PORTC,7
0020   2???           00117         call Delay
0021   2???           00118         call Delay
0022   2???           00119         call Delay
0023   1207           00120         BCF PORTC,4
0024   1287           00121         BCF PORTC,5
0025   1707           00122         BSF PORTC,6
0026   1787           00123         BSF PORTC,7
0027   2???           00124         call Delay
0028   2???           00125         call Delay
0029   2???           00126         call Delay
                      00127         
                      00128         
Warning[203]: Found opcode in column 1. (goto)
002A   2???           00129 goto loop1      
                      00130 
                      00131         
Warning[203]: Found opcode in column 1. (goto)
002B   2???           00132 goto main
                      00133 
Warning[207]: Found label after column 1. (Delay)
002C                  00134  Delay     ; proedura ce face o intirziere     
Message[305]: Using default destination of 1 (file).
002C   0BA0           00135     decfsz  cnt1     
002D   2???           00136     goto    Delay  
Message[305]: Using default destination of 1 (file).
002E   0BA1           00137     decfsz  cnt2     
002F   2???           00138     goto    Delay 
0030   0008           00139     return
Warning[205]: Found directive in column 1. (END)
3F3A                  00140 END                       ; directive 'end of program'
MPASM 5.75                   16F876ATEMP.ASM   11-5-2017  19:52:51         PAGE  4


SYMBOL TABLE
  LABEL                             VALUE 

ACKDT                             00000005
ACKEN                             00000004
ACKSTAT                           00000006
ADCON0                            0000001F
ADCON1                            0000009F
ADCS0                             00000006
ADCS1                             00000007
ADCS2                             00000006
ADDEN                             00000003
ADFM                              00000007
ADIE                              00000006
ADIF                              00000006
ADON                              00000000
ADRESH                            0000001E
ADRESL                            0000009E
BCLIE                             00000003
BCLIF                             00000003
BF                                00000000
BRGH                              00000002
C                                 00000000
C1INV                             00000004
C1OUT                             00000006
C2INV                             00000005
C2OUT                             00000007
CCP1CON                           00000017
CCP1IE                            00000002
CCP1IF                            00000002
CCP1M0                            00000000
CCP1M1                            00000001
CCP1M2                            00000002
CCP1M3                            00000003
CCP1X                             00000005
CCP1Y                             00000004
CCP2CON                           0000001D
CCP2IE                            00000000
CCP2IF                            00000000
CCP2M0                            00000000
CCP2M1                            00000001
CCP2M2                            00000002
CCP2M3                            00000003
CCP2X                             00000005
CCP2Y                             00000004
CCPR1                             00000015
CCPR1H                            00000016
CCPR1L                            00000015
CCPR2                             0000001B
CCPR2H                            0000001C
CCPR2L                            0000001B
CHS0                              00000003
CHS1                              00000004
CHS2                              00000005
CIS                               00000003
CKE                               00000006
MPASM 5.75                   16F876ATEMP.ASM   11-5-2017  19:52:51         PAGE  5


SYMBOL TABLE
  LABEL                             VALUE 

CKP                               00000004
CM0                               00000000
CM1                               00000001
CM2                               00000002
CMCON                             0000009C
CMIE                              00000006
CMIF                              00000006
CREN                              00000004
CSRC                              00000007
CVR0                              00000000
CVR1                              00000001
CVR2                              00000002
CVR3                              00000003
CVRCON                            0000009D
CVREN                             00000007
CVROE                             00000006
CVRR                              00000005
D                                 00000005
DATA_ADDRESS                      00000005
DC                                00000001
D_A                               00000005
D_NOT_A                           00000005
Delay                             0000002C
EEADR                             0000010D
EEADRH                            0000010F
EECON1                            0000018C
EECON2                            0000018D
EEDATA                            0000010C
EEDATH                            0000010E
EEIE                              00000004
EEIF                              00000004
EEPGD                             00000007
F                                 00000001
FERR                              00000002
FSR                               00000004
GCEN                              00000007
GIE                               00000007
GO                                00000002
GO_DONE                           00000002
GO_NOT_DONE                       00000002
I2C_DATA                          00000005
I2C_READ                          00000002
I2C_START                         00000003
I2C_STOP                          00000004
INDF                              00000000
INTCON                            0000000B
INTE                              00000004
INTEDG                            00000006
INTF                              00000001
IRP                               00000007
NOT_A                             00000005
NOT_ADDRESS                       00000005
NOT_BO                            00000000
MPASM 5.75                   16F876ATEMP.ASM   11-5-2017  19:52:51         PAGE  6


SYMBOL TABLE
  LABEL                             VALUE 

NOT_BOR                           00000000
NOT_DONE                          00000002
NOT_PD                            00000003
NOT_POR                           00000001
NOT_RBPU                          00000007
NOT_RC8                           00000006
NOT_T1SYNC                        00000002
NOT_TO                            00000004
NOT_TX8                           00000006
NOT_W                             00000002
NOT_WRITE                         00000002
OERR                              00000001
OPTION_REG                        00000081
P                                 00000004
PCFG0                             00000000
PCFG1                             00000001
PCFG2                             00000002
PCFG3                             00000003
PCL                               00000002
PCLATH                            0000000A
PCON                              0000008E
PEIE                              00000006
PEN                               00000002
PIE1                              0000008C
PIE2                              0000008D
PIR1                              0000000C
PIR2                              0000000D
PORTA                             00000005
PORTB                             00000006
PORTC                             00000007
PR2                               00000092
PS0                               00000000
PS1                               00000001
PS2                               00000002
PSA                               00000003
R                                 00000002
RA0                               00000000
RA1                               00000001
RA2                               00000002
RA3                               00000003
RA4                               00000004
RA5                               00000005
RB0                               00000000
RB1                               00000001
RB2                               00000002
RB3                               00000003
RB4                               00000004
RB5                               00000005
RB6                               00000006
RB7                               00000007
RBIE                              00000003
RBIF                              00000000
RC0                               00000000
MPASM 5.75                   16F876ATEMP.ASM   11-5-2017  19:52:51         PAGE  7


SYMBOL TABLE
  LABEL                             VALUE 

RC1                               00000001
RC2                               00000002
RC3                               00000003
RC4                               00000004
RC5                               00000005
RC6                               00000006
RC7                               00000007
RC8_9                             00000006
RC9                               00000006
RCD8                              00000000
RCEN                              00000003
RCIE                              00000005
RCIF                              00000005
RCREG                             0000001A
RCSTA                             00000018
RD                                00000000
READ_WRITE                        00000002
RP0                               00000005
RP1                               00000006
RSEN                              00000001
RX9                               00000006
RX9D                              00000000
R_NOT_W                           00000002
R_W                               00000002
S                                 00000003
SEN                               00000000
SMP                               00000007
SPBRG                             00000099
SPEN                              00000007
SREN                              00000005
SSPADD                            00000093
SSPBUF                            00000013
SSPCON                            00000014
SSPCON2                           00000091
SSPEN                             00000005
SSPIE                             00000003
SSPIF                             00000003
SSPM0                             00000000
SSPM1                             00000001
SSPM2                             00000002
SSPM3                             00000003
SSPOV                             00000006
SSPSTAT                           00000094
STATUS                            00000003
SYNC                              00000004
T0CS                              00000005
T0IE                              00000005
T0IF                              00000002
T0SE                              00000004
T1CKPS0                           00000004
T1CKPS1                           00000005
T1CON                             00000010
T1INSYNC                          00000002
MPASM 5.75                   16F876ATEMP.ASM   11-5-2017  19:52:51         PAGE  8


SYMBOL TABLE
  LABEL                             VALUE 

T1OSCEN                           00000003
T1SYNC                            00000002
T2CKPS0                           00000000
T2CKPS1                           00000001
T2CON                             00000012
TMR0                              00000001
TMR0IE                            00000005
TMR0IF                            00000002
TMR1                              0000000E
TMR1CS                            00000001
TMR1H                             0000000F
TMR1IE                            00000000
TMR1IF                            00000000
TMR1L                             0000000E
TMR1ON                            00000000
TMR2                              00000011
TMR2IE                            00000001
TMR2IF                            00000001
TMR2ON                            00000002
TOUTPS0                           00000003
TOUTPS1                           00000004
TOUTPS2                           00000005
TOUTPS3                           00000006
TRISA                             00000085
TRISA0                            00000000
TRISA1                            00000001
TRISA2                            00000002
TRISA3                            00000003
TRISA4                            00000004
TRISA5                            00000005
TRISB                             00000086
TRISB0                            00000000
TRISB1                            00000001
TRISB2                            00000002
TRISB3                            00000003
TRISB4                            00000004
TRISB5                            00000005
TRISB6                            00000006
TRISB7                            00000007
TRISC                             00000087
TRISC0                            00000000
TRISC1                            00000001
TRISC2                            00000002
TRISC3                            00000003
TRISC4                            00000004
TRISC5                            00000005
TRISC6                            00000006
TRISC7                            00000007
TRMT                              00000001
TX8_9                             00000006
TX9                               00000006
TX9D                              00000000
TXD8                              00000000
MPASM 5.75                   16F876ATEMP.ASM   11-5-2017  19:52:51         PAGE  9


SYMBOL TABLE
  LABEL                             VALUE 

TXEN                              00000005
TXIE                              00000004
TXIF                              00000004
TXREG                             00000019
TXSTA                             00000098
UA                                00000001
W                                 00000000
WCOL                              00000007
WR                                00000001
WREN                              00000002
WRERR                             00000003
Z                                 00000002
_BODEN_OFF                        00003FBF
_BODEN_ON                         00003FFF
_BOREN_OFF                        00003FBF
_BOREN_ON                         00003FFF
_CONFIG                           00002007
_CPD_OFF                          00003FFF
_CPD_ON                           00003EFF
_CP_ALL                           00001FFF
_CP_OFF                           00003FFF
_CP_ON                            00001FFF
_DEBUG_OFF                        00003FFF
_DEBUG_ON                         000037FF
_DEVID1                           00002006
_FOSC_EXTRC                       00003FFF
_FOSC_HS                          00003FFE
_FOSC_LP                          00003FFC
_FOSC_XT                          00003FFD
_HS_OSC                           00003FFE
_IDLOC0                           00002000
_IDLOC1                           00002001
_IDLOC2                           00002002
_IDLOC3                           00002003
_LP_OSC                           00003FFC
_LVP_OFF                          00003F7F
_LVP_ON                           00003FFF
_PWRTE_OFF                        00003FFF
_PWRTE_ON                         00003FF7
_RC_OSC                           00003FFF
_WDTE_OFF                         00003FFB
_WDTE_ON                          00003FFF
_WDT_OFF                          00003FFB
_WDT_ON                           00003FFF
_WRT_1FOURTH                      00003BFF
_WRT_256                          00003DFF
_WRT_HALF                         000039FF
_WRT_OFF                          00003FFF
_XT_OSC                           00003FFD
__16F876A                         00000001
cnt1                              00000020
cnt2                              00000021
d1                                00000022
MPASM 5.75                   16F876ATEMP.ASM   11-5-2017  19:52:51         PAGE 10


SYMBOL TABLE
  LABEL                             VALUE 

d2                                00000023
d3                                00000024
loop1                             0000001A
main                              00000010
pclath_temp                       0000007F
status_temp                       0000007E
w_temp                            0000007D

Errors   :     0
Warnings :     4 reported,     0 suppressed
Messages :     3 reported,     0 suppressed

